<?xml version="1.0" encoding="UTF-8"?>
<testng-results ignored="0" total="3" passed="1" failed="2" skipped="0">
  <reporter-output>
  </reporter-output>
  <suite started-at="2025-02-07T00:19:48 IST" name="Suite" finished-at="2025-02-07T00:19:58 IST" duration-ms="9910">
    <groups>
    </groups>
    <test started-at="2025-02-07T00:19:48 IST" name="Test" finished-at="2025-02-07T00:19:58 IST" duration-ms="9910">
      <class name="Test.Tests">
        <test-method is-config="true" signature="setUp()[pri:0, instance:Test.Tests@3b35a229]" started-at="2025-02-07T00:19:48 IST" name="setUp" finished-at="2025-02-07T00:19:51 IST" duration-ms="2759" status="PASS">
          <reporter-output>
          </reporter-output>
        </test-method> <!-- setUp -->
        <test-method is-config="true" signature="setUp()[pri:0, instance:Test.Tests@3b35a229]" started-at="2025-02-07T00:19:48 IST" name="setUp" finished-at="2025-02-07T00:19:51 IST" duration-ms="2799" status="PASS">
          <reporter-output>
          </reporter-output>
        </test-method> <!-- setUp -->
        <test-method is-config="true" signature="setUp()[pri:0, instance:Test.Tests@3b35a229]" started-at="2025-02-07T00:19:48 IST" name="setUp" finished-at="2025-02-07T00:19:51 IST" duration-ms="2722" status="PASS">
          <reporter-output>
          </reporter-output>
        </test-method> <!-- setUp -->
        <test-method signature="testGoToHomePage()[pri:0, instance:Test.Tests@3b35a229]" started-at="2025-02-07T00:19:51 IST" name="testGoToHomePage" finished-at="2025-02-07T00:19:58 IST" duration-ms="7143" status="FAIL">
          <exception class="org.openqa.selenium.NoSuchSessionException">
            <message>
              <![CDATA[invalid session id
Build info: version: '4.27.0', revision: 'd6e718d134'
System info: os.name: 'Windows 11', os.arch: 'amd64', os.version: '10.0', java.version: '21.0.5'
Driver info: org.openqa.selenium.chrome.ChromeDriver
Command: [1d51073dcbee1db616651c517c4fe8d2, getCurrentUrl {}]
Capabilities {acceptInsecureCerts: false, browserName: chrome, browserVersion: 132.0.6834.160, chrome: {chromedriverVersion: 132.0.6834.159 (2d77d3fc445..., userDataDir: C:\Users\91855\AppData\Loca...}, fedcm:accounts: true, goog:chromeOptions: {debuggerAddress: localhost:50248}, networkConnectionEnabled: false, pageLoadStrategy: normal, platformName: windows, proxy: Proxy(), se:cdp: ws://localhost:50248/devtoo..., se:cdpVersion: 132.0.6834.160, setWindowRect: true, strictFileInteractability: false, timeouts: {implicit: 0, pageLoad: 300000, script: 30000}, unhandledPromptBehavior: dismiss and notify, webauthn:extension:credBlob: true, webauthn:extension:largeBlob: true, webauthn:extension:minPinLength: true, webauthn:extension:prf: true, webauthn:virtualAuthenticators: true}
Session ID: 1d51073dcbee1db616651c517c4fe8d2]]>
            </message>
            <full-stacktrace>
              <![CDATA[org.openqa.selenium.NoSuchSessionException: invalid session id
Build info: version: '4.27.0', revision: 'd6e718d134'
System info: os.name: 'Windows 11', os.arch: 'amd64', os.version: '10.0', java.version: '21.0.5'
Driver info: org.openqa.selenium.chrome.ChromeDriver
Command: [1d51073dcbee1db616651c517c4fe8d2, getCurrentUrl {}]
Capabilities {acceptInsecureCerts: false, browserName: chrome, browserVersion: 132.0.6834.160, chrome: {chromedriverVersion: 132.0.6834.159 (2d77d3fc445..., userDataDir: C:\Users\91855\AppData\Loca...}, fedcm:accounts: true, goog:chromeOptions: {debuggerAddress: localhost:50248}, networkConnectionEnabled: false, pageLoadStrategy: normal, platformName: windows, proxy: Proxy(), se:cdp: ws://localhost:50248/devtoo..., se:cdpVersion: 132.0.6834.160, setWindowRect: true, strictFileInteractability: false, timeouts: {implicit: 0, pageLoad: 300000, script: 30000}, unhandledPromptBehavior: dismiss and notify, webauthn:extension:credBlob: true, webauthn:extension:largeBlob: true, webauthn:extension:minPinLength: true, webauthn:extension:prf: true, webauthn:virtualAuthenticators: true}
Session ID: 1d51073dcbee1db616651c517c4fe8d2
at java.base/jdk.internal.reflect.DirectConstructorHandleAccessor.newInstance(DirectConstructorHandleAccessor.java:62)
at java.base/java.lang.reflect.Constructor.newInstanceWithCaller(Constructor.java:502)
at java.base/java.lang.reflect.Constructor.newInstance(Constructor.java:486)
at org.seleniumhq.selenium.remote_driver/org.openqa.selenium.remote.ErrorCodec.decode(ErrorCodec.java:167)
at org.seleniumhq.selenium.remote_driver/org.openqa.selenium.remote.codec.w3c.W3CHttpResponseCodec.decode(W3CHttpResponseCodec.java:138)
at org.seleniumhq.selenium.remote_driver/org.openqa.selenium.remote.codec.w3c.W3CHttpResponseCodec.decode(W3CHttpResponseCodec.java:50)
at org.seleniumhq.selenium.remote_driver/org.openqa.selenium.remote.HttpCommandExecutor.execute(HttpCommandExecutor.java:190)
at org.seleniumhq.selenium.remote_driver/org.openqa.selenium.remote.service.DriverCommandExecutor.invokeExecute(DriverCommandExecutor.java:216)
at org.seleniumhq.selenium.remote_driver/org.openqa.selenium.remote.service.DriverCommandExecutor.execute(DriverCommandExecutor.java:174)
at org.seleniumhq.selenium.remote_driver/org.openqa.selenium.remote.RemoteWebDriver.execute(RemoteWebDriver.java:545)
at org.seleniumhq.selenium.remote_driver/org.openqa.selenium.remote.RemoteWebDriver.execute(RemoteWebDriver.java:618)
at org.seleniumhq.selenium.remote_driver/org.openqa.selenium.remote.RemoteWebDriver.execute(RemoteWebDriver.java:622)
at org.seleniumhq.selenium.remote_driver/org.openqa.selenium.remote.RemoteWebDriver.getCurrentUrl(RemoteWebDriver.java:325)
at Intro/Test.Tests.testGoToHomePage(Tests.java:33)
at java.base/jdk.internal.reflect.DirectMethodHandleAccessor.invoke(DirectMethodHandleAccessor.java:103)
at java.base/java.lang.reflect.Method.invoke(Method.java:580)
at org.testng@7.10.2/org.testng.internal.invokers.MethodInvocationHelper.invokeMethod(MethodInvocationHelper.java:141)
at org.testng@7.10.2/org.testng.internal.invokers.TestInvoker.invokeMethod(TestInvoker.java:686)
at org.testng@7.10.2/org.testng.internal.invokers.TestInvoker.invokeTestMethod(TestInvoker.java:230)
at org.testng@7.10.2/org.testng.internal.invokers.MethodRunner.runInSequence(MethodRunner.java:63)
at org.testng@7.10.2/org.testng.internal.invokers.TestInvoker$MethodInvocationAgent.invoke(TestInvoker.java:992)
at org.testng@7.10.2/org.testng.internal.invokers.TestInvoker.invokeTestMethods(TestInvoker.java:203)
at org.testng@7.10.2/org.testng.internal.invokers.TestMethodWorker.invokeTestMethods(TestMethodWorker.java:154)
at org.testng@7.10.2/org.testng.internal.invokers.TestMethodWorker.run(TestMethodWorker.java:134)
at java.base/java.util.concurrent.Executors$RunnableAdapter.call(Executors.java:572)
at java.base/java.util.concurrent.FutureTask.run(FutureTask.java:317)
at org.testng@7.10.2/org.testng.internal.thread.graph.TestNGFutureTask.run(TestNGFutureTask.java:22)
at java.base/java.util.concurrent.ThreadPoolExecutor.runWorker(ThreadPoolExecutor.java:1144)
at java.base/java.util.concurrent.ThreadPoolExecutor$Worker.run(ThreadPoolExecutor.java:642)
at java.base/java.lang.Thread.run(Thread.java:1583)
]]>
            </full-stacktrace>
          </exception> <!-- org.openqa.selenium.NoSuchSessionException -->
          <reporter-output>
          </reporter-output>
        </test-method> <!-- testGoToHomePage -->
        <test-method signature="testClickOnMenuButton()[pri:0, instance:Test.Tests@3b35a229]" started-at="2025-02-07T00:19:51 IST" name="testClickOnMenuButton" finished-at="2025-02-07T00:19:57 IST" duration-ms="6621" status="PASS">
          <reporter-output>
          </reporter-output>
        </test-method> <!-- testClickOnMenuButton -->
        <test-method signature="testClickOnMostPopularMovieButton()[pri:0, instance:Test.Tests@3b35a229]" started-at="2025-02-07T00:19:51 IST" name="testClickOnMostPopularMovieButton" finished-at="2025-02-07T00:19:57 IST" duration-ms="6350" status="FAIL">
          <exception class="org.openqa.selenium.ElementClickInterceptedException">
            <message>
              <![CDATA[element click intercepted: Element <label aria-haspopup="true" id="imdbHeader-navDrawerOpen" class="ipc-responsive-button ipc-btn--theme-baseAlt ipc-responsive-button--transition-l ipc-btn--on-textPrimary ipc-responsive-button--single-padding ipc-responsive-button--button-radius sc-fXayqf eNfLqG hamburger__icon" tabindex="0" aria-label="Open Navigation Drawer" aria-disabled="false" for="imdbHeader-navDrawer">...</label> is not clickable at point (132, 28). Other element would receive the click: <div class="drawer__panel" role="presentation" aria-hidden="true" data-testid="panel">...</div>
  (Session info: chrome=132.0.6834.160)
Build info: version: '4.27.0', revision: 'd6e718d134'
System info: os.name: 'Windows 11', os.arch: 'amd64', os.version: '10.0', java.version: '21.0.5'
Driver info: org.openqa.selenium.chrome.ChromeDriver
Command: [1d51073dcbee1db616651c517c4fe8d2, clickElement {id=f.3AB600FEAB84C2263858160A5E65291E.d.FA0EEA11ABA2992E8F97AF6B96D30CB4.e.3}]
Capabilities {acceptInsecureCerts: false, browserName: chrome, browserVersion: 132.0.6834.160, chrome: {chromedriverVersion: 132.0.6834.159 (2d77d3fc445..., userDataDir: C:\Users\91855\AppData\Loca...}, fedcm:accounts: true, goog:chromeOptions: {debuggerAddress: localhost:50248}, networkConnectionEnabled: false, pageLoadStrategy: normal, platformName: windows, proxy: Proxy(), se:cdp: ws://localhost:50248/devtoo..., se:cdpVersion: 132.0.6834.160, setWindowRect: true, strictFileInteractability: false, timeouts: {implicit: 0, pageLoad: 300000, script: 30000}, unhandledPromptBehavior: dismiss and notify, webauthn:extension:credBlob: true, webauthn:extension:largeBlob: true, webauthn:extension:minPinLength: true, webauthn:extension:prf: true, webauthn:virtualAuthenticators: true}
Element: [[ChromeDriver: chrome on windows (1d51073dcbee1db616651c517c4fe8d2)] -> xpath: //label[@id='imdbHeader-navDrawerOpen']]
Session ID: 1d51073dcbee1db616651c517c4fe8d2]]>
            </message>
            <full-stacktrace>
              <![CDATA[org.openqa.selenium.ElementClickInterceptedException: element click intercepted: Element <label aria-haspopup="true" id="imdbHeader-navDrawerOpen" class="ipc-responsive-button ipc-btn--theme-baseAlt ipc-responsive-button--transition-l ipc-btn--on-textPrimary ipc-responsive-button--single-padding ipc-responsive-button--button-radius sc-fXayqf eNfLqG hamburger__icon" tabindex="0" aria-label="Open Navigation Drawer" aria-disabled="false" for="imdbHeader-navDrawer">...</label> is not clickable at point (132, 28). Other element would receive the click: <div class="drawer__panel" role="presentation" aria-hidden="true" data-testid="panel">...</div>
  (Session info: chrome=132.0.6834.160)
Build info: version: '4.27.0', revision: 'd6e718d134'
System info: os.name: 'Windows 11', os.arch: 'amd64', os.version: '10.0', java.version: '21.0.5'
Driver info: org.openqa.selenium.chrome.ChromeDriver
Command: [1d51073dcbee1db616651c517c4fe8d2, clickElement {id=f.3AB600FEAB84C2263858160A5E65291E.d.FA0EEA11ABA2992E8F97AF6B96D30CB4.e.3}]
Capabilities {acceptInsecureCerts: false, browserName: chrome, browserVersion: 132.0.6834.160, chrome: {chromedriverVersion: 132.0.6834.159 (2d77d3fc445..., userDataDir: C:\Users\91855\AppData\Loca...}, fedcm:accounts: true, goog:chromeOptions: {debuggerAddress: localhost:50248}, networkConnectionEnabled: false, pageLoadStrategy: normal, platformName: windows, proxy: Proxy(), se:cdp: ws://localhost:50248/devtoo..., se:cdpVersion: 132.0.6834.160, setWindowRect: true, strictFileInteractability: false, timeouts: {implicit: 0, pageLoad: 300000, script: 30000}, unhandledPromptBehavior: dismiss and notify, webauthn:extension:credBlob: true, webauthn:extension:largeBlob: true, webauthn:extension:minPinLength: true, webauthn:extension:prf: true, webauthn:virtualAuthenticators: true}
Element: [[ChromeDriver: chrome on windows (1d51073dcbee1db616651c517c4fe8d2)] -> xpath: //label[@id='imdbHeader-navDrawerOpen']]
Session ID: 1d51073dcbee1db616651c517c4fe8d2
at java.base/jdk.internal.reflect.DirectConstructorHandleAccessor.newInstance(DirectConstructorHandleAccessor.java:62)
at java.base/java.lang.reflect.Constructor.newInstanceWithCaller(Constructor.java:502)
at java.base/java.lang.reflect.Constructor.newInstance(Constructor.java:486)
at org.seleniumhq.selenium.remote_driver/org.openqa.selenium.remote.ErrorCodec.decode(ErrorCodec.java:167)
at org.seleniumhq.selenium.remote_driver/org.openqa.selenium.remote.codec.w3c.W3CHttpResponseCodec.decode(W3CHttpResponseCodec.java:138)
at org.seleniumhq.selenium.remote_driver/org.openqa.selenium.remote.codec.w3c.W3CHttpResponseCodec.decode(W3CHttpResponseCodec.java:50)
at org.seleniumhq.selenium.remote_driver/org.openqa.selenium.remote.HttpCommandExecutor.execute(HttpCommandExecutor.java:190)
at org.seleniumhq.selenium.remote_driver/org.openqa.selenium.remote.service.DriverCommandExecutor.invokeExecute(DriverCommandExecutor.java:216)
at org.seleniumhq.selenium.remote_driver/org.openqa.selenium.remote.service.DriverCommandExecutor.execute(DriverCommandExecutor.java:174)
at org.seleniumhq.selenium.remote_driver/org.openqa.selenium.remote.RemoteWebDriver.execute(RemoteWebDriver.java:545)
at org.seleniumhq.selenium.remote_driver/org.openqa.selenium.remote.RemoteWebElement.execute(RemoteWebElement.java:223)
at org.seleniumhq.selenium.remote_driver/org.openqa.selenium.remote.RemoteWebElement.click(RemoteWebElement.java:76)
at java.base/jdk.internal.reflect.DirectMethodHandleAccessor.invoke(DirectMethodHandleAccessor.java:103)
at java.base/java.lang.reflect.Method.invoke(Method.java:580)
at org.seleniumhq.selenium.support/org.openqa.selenium.support.pagefactory.internal.LocatingElementHandler.invoke(LocatingElementHandler.java:51)
at jdk.proxy2/jdk.proxy2.$Proxy11.click(Unknown Source)
at Intro/Objects.homePageIMDb.clickOnTheMenuButton(homePageIMDb.java:43)
at Intro/Test.Tests.testClickOnMostPopularMovieButton(Tests.java:52)
at java.base/jdk.internal.reflect.DirectMethodHandleAccessor.invoke(DirectMethodHandleAccessor.java:103)
at java.base/java.lang.reflect.Method.invoke(Method.java:580)
at org.testng@7.10.2/org.testng.internal.invokers.MethodInvocationHelper.invokeMethod(MethodInvocationHelper.java:141)
at org.testng@7.10.2/org.testng.internal.invokers.TestInvoker.invokeMethod(TestInvoker.java:686)
at org.testng@7.10.2/org.testng.internal.invokers.TestInvoker.invokeTestMethod(TestInvoker.java:230)
at org.testng@7.10.2/org.testng.internal.invokers.MethodRunner.runInSequence(MethodRunner.java:63)
at org.testng@7.10.2/org.testng.internal.invokers.TestInvoker$MethodInvocationAgent.invoke(TestInvoker.java:992)
at org.testng@7.10.2/org.testng.internal.invokers.TestInvoker.invokeTestMethods(TestInvoker.java:203)
at org.testng@7.10.2/org.testng.internal.invokers.TestMethodWorker.invokeTestMethods(TestMethodWorker.java:154)
at org.testng@7.10.2/org.testng.internal.invokers.TestMethodWorker.run(TestMethodWorker.java:134)
at java.base/java.util.concurrent.Executors$RunnableAdapter.call(Executors.java:572)
at java.base/java.util.concurrent.FutureTask.run(FutureTask.java:317)
at org.testng@7.10.2/org.testng.internal.thread.graph.TestNGFutureTask.run(TestNGFutureTask.java:22)
at java.base/java.util.concurrent.ThreadPoolExecutor.runWorker(ThreadPoolExecutor.java:1144)
at java.base/java.util.concurrent.ThreadPoolExecutor$Worker.run(ThreadPoolExecutor.java:642)
at java.base/java.lang.Thread.run(Thread.java:1583)
]]>
            </full-stacktrace>
          </exception> <!-- org.openqa.selenium.ElementClickInterceptedException -->
          <reporter-output>
          </reporter-output>
        </test-method> <!-- testClickOnMostPopularMovieButton -->
      </class> <!-- Test.Tests -->
    </test> <!-- Test -->
  </suite> <!-- Suite -->
</testng-results>
