<?xml version="1.0" encoding="UTF-8"?>
<!-- Generated by org.testng.reporters.JUnitReportReporter -->
<testsuite hostname="sagar" failures="7" tests="16" name="amazonfilterapplicatione2e.AmazonTests" time="170.093" errors="1" timestamp="2025-07-27T23:25:39 IST" skipped="0">
  <testcase classname="amazonfilterapplicatione2e.AmazonTests" name="verifyingGetItByTomorrowFilterFunctionality" time="9.356"/>
  <system-out/>
  <testcase classname="amazonfilterapplicatione2e.AmazonTests" name="verifyingGetItByTomorrowFilterFunctionality" time="15.182">
    <failure message="❌ Delivery date mismatch at index 0. Text: WoodMarwar Solid Sheesham Wood Entertainment Tv Unit for Living Room | Free Standing Media Console Movable Tv Cabinet Sideboard | Tv Table Side Board with 4 Door Cabinet &amp; 1 Flap Door Storage | Walnut
16
₹23,499
M.R.P:
₹57,598 (59% off)
No Cost EMI available on select cards.
FREE delivery 9 - 11 Aug
Add to cart
+5 expected [true] but found [false]" type="java.lang.AssertionError">
      <![CDATA[java.lang.AssertionError: ❌ Delivery date mismatch at index 0. Text: WoodMarwar Solid Sheesham Wood Entertainment Tv Unit for Living Room | Free Standing Media Console Movable Tv Cabinet Sideboard | Tv Table Side Board with 4 Door Cabinet & 1 Flap Door Storage | Walnut
16
₹23,499
M.R.P:
₹57,598 (59% off)
No Cost EMI available on select cards.
FREE delivery 9 - 11 Aug
Add to cart
+5 expected [true] but found [false]
at org.testng.Assert.fail(Assert.java:99)
at org.testng.Assert.failNotEquals(Assert.java:1037)
at org.testng.Assert.assertTrue(Assert.java:45)
at amazonfilterapplicatione2e.AmazonTests.verifyingGetItByTomorrowFilterFunctionality(AmazonTests.java:85)
at java.base/jdk.internal.reflect.DirectMethodHandleAccessor.invoke(DirectMethodHandleAccessor.java:104)
at java.base/java.lang.reflect.Method.invoke(Method.java:565)
at org.testng.internal.MethodInvocationHelper.invokeMethod(MethodInvocationHelper.java:133)
at org.testng.internal.TestInvoker.invokeMethod(TestInvoker.java:598)
at org.testng.internal.TestInvoker.invokeTestMethod(TestInvoker.java:173)
at org.testng.internal.MethodRunner.runInSequence(MethodRunner.java:46)
at org.testng.internal.TestInvoker$MethodInvocationAgent.invoke(TestInvoker.java:824)
at org.testng.internal.TestInvoker.invokeTestMethods(TestInvoker.java:146)
at org.testng.internal.TestMethodWorker.invokeTestMethods(TestMethodWorker.java:146)
at org.testng.internal.TestMethodWorker.run(TestMethodWorker.java:128)
at java.base/java.util.concurrent.ThreadPoolExecutor.runWorker(ThreadPoolExecutor.java:1095)
at java.base/java.util.concurrent.ThreadPoolExecutor$Worker.run(ThreadPoolExecutor.java:619)
at java.base/java.lang.Thread.run(Thread.java:1447)
]]>
    </failure>
  </testcase> <!-- verifyingGetItByTomorrowFilterFunctionality -->
  <system-out/>
  <testcase classname="amazonfilterapplicatione2e.AmazonTests" name="verifyingGetItByTomorrowFilterFunctionality" time="10.015"/>
  <system-out/>
  <testcase classname="amazonfilterapplicatione2e.AmazonTests" name="verifyingGetItByTomorrowFilterFunctionality" time="15.079">
    <failure message="❌ Delivery date mismatch at index 12. Text: URAYCO Wooden Digital Alarm Clock with Fast Wireless Charger, Dual USB Charging Ports, DST, Dimmable, Snooze, RGB Large Number Display LED Clock for Bedrooms, Living Room, Desk, Table, Bedside(Brown)
176
₹6,503
M.R.P:
₹9,503 (32% off)
FREE delivery 12 - 13 Aug
Add to cart expected [true] but found [false]" type="java.lang.AssertionError">
      <![CDATA[java.lang.AssertionError: ❌ Delivery date mismatch at index 12. Text: URAYCO Wooden Digital Alarm Clock with Fast Wireless Charger, Dual USB Charging Ports, DST, Dimmable, Snooze, RGB Large Number Display LED Clock for Bedrooms, Living Room, Desk, Table, Bedside(Brown)
176
₹6,503
M.R.P:
₹9,503 (32% off)
FREE delivery 12 - 13 Aug
Add to cart expected [true] but found [false]
at org.testng.Assert.fail(Assert.java:99)
at org.testng.Assert.failNotEquals(Assert.java:1037)
at org.testng.Assert.assertTrue(Assert.java:45)
at amazonfilterapplicatione2e.AmazonTests.verifyingGetItByTomorrowFilterFunctionality(AmazonTests.java:85)
at java.base/jdk.internal.reflect.DirectMethodHandleAccessor.invoke(DirectMethodHandleAccessor.java:104)
at java.base/java.lang.reflect.Method.invoke(Method.java:565)
at org.testng.internal.MethodInvocationHelper.invokeMethod(MethodInvocationHelper.java:133)
at org.testng.internal.TestInvoker.invokeMethod(TestInvoker.java:598)
at org.testng.internal.TestInvoker.invokeTestMethod(TestInvoker.java:173)
at org.testng.internal.MethodRunner.runInSequence(MethodRunner.java:46)
at org.testng.internal.TestInvoker$MethodInvocationAgent.invoke(TestInvoker.java:824)
at org.testng.internal.TestInvoker.invokeTestMethods(TestInvoker.java:146)
at org.testng.internal.TestMethodWorker.invokeTestMethods(TestMethodWorker.java:146)
at org.testng.internal.TestMethodWorker.run(TestMethodWorker.java:128)
at java.base/java.util.concurrent.ThreadPoolExecutor.runWorker(ThreadPoolExecutor.java:1095)
at java.base/java.util.concurrent.ThreadPoolExecutor$Worker.run(ThreadPoolExecutor.java:619)
at java.base/java.lang.Thread.run(Thread.java:1447)
]]>
    </failure>
  </testcase> <!-- verifyingGetItByTomorrowFilterFunctionality -->
  <system-out/>
  <testcase classname="amazonfilterapplicatione2e.AmazonTests" name="verifyingGetItByTomorrowFilterFunctionality" time="18.230">
    <failure message="❌ Delivery date mismatch at index 9. Text: FKU F12 Screen Magnifier for Cell Phone with Bluetooth Speaker, Foldable Phone Stand Holder, Compatible with All Smartphones
15
₹1,881
M.R.P:
₹3,999 (53% off)
Save 3% with coupon
Add to cart
+1 other color/pattern expected [true] but found [false]" type="java.lang.AssertionError">
      <![CDATA[java.lang.AssertionError: ❌ Delivery date mismatch at index 9. Text: FKU F12 Screen Magnifier for Cell Phone with Bluetooth Speaker, Foldable Phone Stand Holder, Compatible with All Smartphones
15
₹1,881
M.R.P:
₹3,999 (53% off)
Save 3% with coupon
Add to cart
+1 other color/pattern expected [true] but found [false]
at org.testng.Assert.fail(Assert.java:99)
at org.testng.Assert.failNotEquals(Assert.java:1037)
at org.testng.Assert.assertTrue(Assert.java:45)
at amazonfilterapplicatione2e.AmazonTests.verifyingGetItByTomorrowFilterFunctionality(AmazonTests.java:85)
at java.base/jdk.internal.reflect.DirectMethodHandleAccessor.invoke(DirectMethodHandleAccessor.java:104)
at java.base/java.lang.reflect.Method.invoke(Method.java:565)
at org.testng.internal.MethodInvocationHelper.invokeMethod(MethodInvocationHelper.java:133)
at org.testng.internal.TestInvoker.invokeMethod(TestInvoker.java:598)
at org.testng.internal.TestInvoker.invokeTestMethod(TestInvoker.java:173)
at org.testng.internal.MethodRunner.runInSequence(MethodRunner.java:46)
at org.testng.internal.TestInvoker$MethodInvocationAgent.invoke(TestInvoker.java:824)
at org.testng.internal.TestInvoker.invokeTestMethods(TestInvoker.java:146)
at org.testng.internal.TestMethodWorker.invokeTestMethods(TestMethodWorker.java:146)
at org.testng.internal.TestMethodWorker.run(TestMethodWorker.java:128)
at java.base/java.util.concurrent.ThreadPoolExecutor.runWorker(ThreadPoolExecutor.java:1095)
at java.base/java.util.concurrent.ThreadPoolExecutor$Worker.run(ThreadPoolExecutor.java:619)
at java.base/java.lang.Thread.run(Thread.java:1447)
]]>
    </failure>
  </testcase> <!-- verifyingGetItByTomorrowFilterFunctionality -->
  <system-out/>
  <testcase classname="amazonfilterapplicatione2e.AmazonTests" name="verifyingGetItIn2DaysFilterFunctionality" time="10.117">
    <failure message="❌ Delivery date mismatch at index 0. Text: Western Deep Freezer WHF D350H225GA with 4 year comprehensive warranty
4
₹23,175
M.R.P:
₹36,599 (37% off)
No Cost EMI available on select cards.
Delivery 1 - 5 Aug
Only 2 left in stock.
Add to cart expected [true] but found [false]" type="java.lang.AssertionError">
      <![CDATA[java.lang.AssertionError: ❌ Delivery date mismatch at index 0. Text: Western Deep Freezer WHF D350H225GA with 4 year comprehensive warranty
4
₹23,175
M.R.P:
₹36,599 (37% off)
No Cost EMI available on select cards.
Delivery 1 - 5 Aug
Only 2 left in stock.
Add to cart expected [true] but found [false]
at org.testng.Assert.fail(Assert.java:99)
at org.testng.Assert.failNotEquals(Assert.java:1037)
at org.testng.Assert.assertTrue(Assert.java:45)
at amazonfilterapplicatione2e.AmazonTests.verifyingGetItIn2DaysFilterFunctionality(AmazonTests.java:120)
at java.base/jdk.internal.reflect.DirectMethodHandleAccessor.invoke(DirectMethodHandleAccessor.java:104)
at java.base/java.lang.reflect.Method.invoke(Method.java:565)
at org.testng.internal.MethodInvocationHelper.invokeMethod(MethodInvocationHelper.java:133)
at org.testng.internal.TestInvoker.invokeMethod(TestInvoker.java:598)
at org.testng.internal.TestInvoker.invokeTestMethod(TestInvoker.java:173)
at org.testng.internal.MethodRunner.runInSequence(MethodRunner.java:46)
at org.testng.internal.TestInvoker$MethodInvocationAgent.invoke(TestInvoker.java:824)
at org.testng.internal.TestInvoker.invokeTestMethods(TestInvoker.java:146)
at org.testng.internal.TestMethodWorker.invokeTestMethods(TestMethodWorker.java:146)
at org.testng.internal.TestMethodWorker.run(TestMethodWorker.java:128)
at java.base/java.util.concurrent.ThreadPoolExecutor.runWorker(ThreadPoolExecutor.java:1095)
at java.base/java.util.concurrent.ThreadPoolExecutor$Worker.run(ThreadPoolExecutor.java:619)
at java.base/java.lang.Thread.run(Thread.java:1447)
]]>
    </failure>
  </testcase> <!-- verifyingGetItIn2DaysFilterFunctionality -->
  <system-out/>
  <testcase classname="amazonfilterapplicatione2e.AmazonTests" name="verifyingGetItIn2DaysFilterFunctionality" time="10.677">
    <failure message="❌ Delivery date mismatch at index 1. Text: YCWZZH Replacement USB-C Fast Charger Charging Cable Wire for Bose SoundLink Flex, Bose Soundlink Mini II Special Edition, Bose Portable Smart Portable Speakers Power Charger Cord (5FT Black)
3
₹580
M.R.P:
₹1,299 (55% off)
Add to cart expected [true] but found [false]" type="java.lang.AssertionError">
      <![CDATA[java.lang.AssertionError: ❌ Delivery date mismatch at index 1. Text: YCWZZH Replacement USB-C Fast Charger Charging Cable Wire for Bose SoundLink Flex, Bose Soundlink Mini II Special Edition, Bose Portable Smart Portable Speakers Power Charger Cord (5FT Black)
3
₹580
M.R.P:
₹1,299 (55% off)
Add to cart expected [true] but found [false]
at org.testng.Assert.fail(Assert.java:99)
at org.testng.Assert.failNotEquals(Assert.java:1037)
at org.testng.Assert.assertTrue(Assert.java:45)
at amazonfilterapplicatione2e.AmazonTests.verifyingGetItIn2DaysFilterFunctionality(AmazonTests.java:120)
at java.base/jdk.internal.reflect.DirectMethodHandleAccessor.invoke(DirectMethodHandleAccessor.java:104)
at java.base/java.lang.reflect.Method.invoke(Method.java:565)
at org.testng.internal.MethodInvocationHelper.invokeMethod(MethodInvocationHelper.java:133)
at org.testng.internal.TestInvoker.invokeMethod(TestInvoker.java:598)
at org.testng.internal.TestInvoker.invokeTestMethod(TestInvoker.java:173)
at org.testng.internal.MethodRunner.runInSequence(MethodRunner.java:46)
at org.testng.internal.TestInvoker$MethodInvocationAgent.invoke(TestInvoker.java:824)
at org.testng.internal.TestInvoker.invokeTestMethods(TestInvoker.java:146)
at org.testng.internal.TestMethodWorker.invokeTestMethods(TestMethodWorker.java:146)
at org.testng.internal.TestMethodWorker.run(TestMethodWorker.java:128)
at java.base/java.util.concurrent.ThreadPoolExecutor.runWorker(ThreadPoolExecutor.java:1095)
at java.base/java.util.concurrent.ThreadPoolExecutor$Worker.run(ThreadPoolExecutor.java:619)
at java.base/java.lang.Thread.run(Thread.java:1447)
]]>
    </failure>
  </testcase> <!-- verifyingGetItIn2DaysFilterFunctionality -->
  <system-out/>
  <testcase classname="amazonfilterapplicatione2e.AmazonTests" name="verifyingGetItIn2DaysFilterFunctionality" time="13.601">
    <failure message="❌ Delivery date mismatch at index 9. Text: GOTEO Mobile Phone Waist Belt Pouch Leather Holster for Men Compatible with iPhone, Samsung Galaxy and up to 6.8&quot; Mobile for Travel Outdoor Sports Hiking Cycling Office Business
4
₹495 (
₹49,500/100 g)
M.R.P:
₹999 (50% off)
Add to cart expected [true] but found [false]" type="java.lang.AssertionError">
      <![CDATA[java.lang.AssertionError: ❌ Delivery date mismatch at index 9. Text: GOTEO Mobile Phone Waist Belt Pouch Leather Holster for Men Compatible with iPhone, Samsung Galaxy and up to 6.8" Mobile for Travel Outdoor Sports Hiking Cycling Office Business
4
₹495 (
₹49,500/100 g)
M.R.P:
₹999 (50% off)
Add to cart expected [true] but found [false]
at org.testng.Assert.fail(Assert.java:99)
at org.testng.Assert.failNotEquals(Assert.java:1037)
at org.testng.Assert.assertTrue(Assert.java:45)
at amazonfilterapplicatione2e.AmazonTests.verifyingGetItIn2DaysFilterFunctionality(AmazonTests.java:120)
at java.base/jdk.internal.reflect.DirectMethodHandleAccessor.invoke(DirectMethodHandleAccessor.java:104)
at java.base/java.lang.reflect.Method.invoke(Method.java:565)
at org.testng.internal.MethodInvocationHelper.invokeMethod(MethodInvocationHelper.java:133)
at org.testng.internal.TestInvoker.invokeMethod(TestInvoker.java:598)
at org.testng.internal.TestInvoker.invokeTestMethod(TestInvoker.java:173)
at org.testng.internal.MethodRunner.runInSequence(MethodRunner.java:46)
at org.testng.internal.TestInvoker$MethodInvocationAgent.invoke(TestInvoker.java:824)
at org.testng.internal.TestInvoker.invokeTestMethods(TestInvoker.java:146)
at org.testng.internal.TestMethodWorker.invokeTestMethods(TestMethodWorker.java:146)
at org.testng.internal.TestMethodWorker.run(TestMethodWorker.java:128)
at java.base/java.util.concurrent.ThreadPoolExecutor.runWorker(ThreadPoolExecutor.java:1095)
at java.base/java.util.concurrent.ThreadPoolExecutor$Worker.run(ThreadPoolExecutor.java:619)
at java.base/java.lang.Thread.run(Thread.java:1447)
]]>
    </failure>
  </testcase> <!-- verifyingGetItIn2DaysFilterFunctionality -->
  <system-out/>
  <testcase classname="amazonfilterapplicatione2e.AmazonTests" name="verifyingGetItIn2DaysFilterFunctionality" time="8.867"/>
  <system-out/>
  <testcase classname="amazonfilterapplicatione2e.AmazonTests" name="verifyingGetItIn2DaysFilterFunctionality" time="11.710">
    <failure message="❌ Delivery date mismatch at index 0. Text: WoodMarwar Solid Sheesham Wood Entertainment Tv Unit for Living Room | Free Standing Media Console Movable Tv Cabinet Sideboard | Tv Table Side Board with 4 Door Cabinet &amp; 1 Flap Door Storage | Walnut
16
₹23,499
M.R.P:
₹57,598 (59% off)
No Cost EMI available on select cards.
FREE delivery 9 - 11 Aug
Add to cart
+5 expected [true] but found [false]" type="java.lang.AssertionError">
      <![CDATA[java.lang.AssertionError: ❌ Delivery date mismatch at index 0. Text: WoodMarwar Solid Sheesham Wood Entertainment Tv Unit for Living Room | Free Standing Media Console Movable Tv Cabinet Sideboard | Tv Table Side Board with 4 Door Cabinet & 1 Flap Door Storage | Walnut
16
₹23,499
M.R.P:
₹57,598 (59% off)
No Cost EMI available on select cards.
FREE delivery 9 - 11 Aug
Add to cart
+5 expected [true] but found [false]
at org.testng.Assert.fail(Assert.java:99)
at org.testng.Assert.failNotEquals(Assert.java:1037)
at org.testng.Assert.assertTrue(Assert.java:45)
at amazonfilterapplicatione2e.AmazonTests.verifyingGetItIn2DaysFilterFunctionality(AmazonTests.java:120)
at java.base/jdk.internal.reflect.DirectMethodHandleAccessor.invoke(DirectMethodHandleAccessor.java:104)
at java.base/java.lang.reflect.Method.invoke(Method.java:565)
at org.testng.internal.MethodInvocationHelper.invokeMethod(MethodInvocationHelper.java:133)
at org.testng.internal.TestInvoker.invokeMethod(TestInvoker.java:598)
at org.testng.internal.TestInvoker.invokeTestMethod(TestInvoker.java:173)
at org.testng.internal.MethodRunner.runInSequence(MethodRunner.java:46)
at org.testng.internal.TestInvoker$MethodInvocationAgent.invoke(TestInvoker.java:824)
at org.testng.internal.TestInvoker.invokeTestMethods(TestInvoker.java:146)
at org.testng.internal.TestMethodWorker.invokeTestMethods(TestMethodWorker.java:146)
at org.testng.internal.TestMethodWorker.run(TestMethodWorker.java:128)
at java.base/java.util.concurrent.ThreadPoolExecutor.runWorker(ThreadPoolExecutor.java:1095)
at java.base/java.util.concurrent.ThreadPoolExecutor$Worker.run(ThreadPoolExecutor.java:619)
at java.base/java.lang.Thread.run(Thread.java:1447)
]]>
    </failure>
  </testcase> <!-- verifyingGetItIn2DaysFilterFunctionality -->
  <system-out/>
  <testcase classname="amazonfilterapplicatione2e.AmazonTests" name="verifyingGetItByTodayFilterFunctionality" time="9.853"/>
  <system-out/>
  <testcase classname="amazonfilterapplicatione2e.AmazonTests" name="verifyingGetItByTodayFilterFunctionality" time="9.049"/>
  <system-out/>
  <testcase classname="amazonfilterapplicatione2e.AmazonTests" name="verifyingGetItByTodayFilterFunctionality" time="10.087"/>
  <system-out/>
  <testcase classname="amazonfilterapplicatione2e.AmazonTests" name="verifyingGetItByTodayFilterFunctionality" time="8.709"/>
  <system-out/>
  <testcase classname="amazonfilterapplicatione2e.AmazonTests" name="verifyingGetItByTodayFilterFunctionality" time="9.561"/>
  <system-out/>
  <testcase classname="amazonfilterapplicatione2e.AmazonTests" name="verifyingTheBrandsFilterFunctionality" time="0.000">
    <error message="
Cannot inject @Test annotated Method [verifyingTheBrandsFilterFunctionality] with [class java.lang.String].
For more information on native dependency injection please refer to https://testng.org/doc/documentation-main.html#native-dependency-injection" type="org.testng.TestNGException">
      <![CDATA[org.testng.TestNGException: 
Cannot inject @Test annotated Method [verifyingTheBrandsFilterFunctionality] with [class java.lang.String].
For more information on native dependency injection please refer to https://testng.org/doc/documentation-main.html#native-dependency-injection
at org.testng.internal.Parameters.checkParameterTypes(Parameters.java:439)
at org.testng.internal.Parameters.createParametersForMethod(Parameters.java:353)
at org.testng.internal.Parameters.createParameters(Parameters.java:708)
at org.testng.internal.Parameters.handleParameters(Parameters.java:884)
at org.testng.internal.Parameters.handleParameters(Parameters.java:740)
at org.testng.internal.ParameterHandler.handleParameters(ParameterHandler.java:59)
at org.testng.internal.ParameterHandler.createParameters(ParameterHandler.java:38)
at org.testng.internal.TestInvoker$MethodInvocationAgent.invoke(TestInvoker.java:791)
at org.testng.internal.TestInvoker.invokeTestMethods(TestInvoker.java:146)
at org.testng.internal.TestMethodWorker.invokeTestMethods(TestMethodWorker.java:146)
at org.testng.internal.TestMethodWorker.run(TestMethodWorker.java:128)
at java.base/java.util.concurrent.ThreadPoolExecutor.runWorker(ThreadPoolExecutor.java:1095)
at java.base/java.util.concurrent.ThreadPoolExecutor$Worker.run(ThreadPoolExecutor.java:619)
at java.base/java.lang.Thread.run(Thread.java:1447)
]]>
    </error>
  </testcase> <!-- verifyingTheBrandsFilterFunctionality -->
  <system-out/>
</testsuite> <!-- amazonfilterapplicatione2e.AmazonTests -->
